<?xml version="1.0" encoding="UTF-8"?>
<testsuite name="re.netology.rest.TestPost" tests="1" skipped="0" failures="0" errors="0" timestamp="2022-06-08T07:56:10" hostname="DESKTOP-JJ00F7I" time="8.478">
  <properties/>
  <testcase name="shouldPost()" classname="re.netology.rest.TestPost" time="8.478"/>
  <system-out><![CDATA[]]></system-out>
  <system-err><![CDATA[]]></system-err>
</testsuite>
